<?xml version="1.0" encoding="UTF-8"?>
<testsuite xmlns:xsi="http://www.w3.org/2001/XMLSchema-instance" xsi:noNamespaceSchemaLocation="https://maven.apache.org/surefire/maven-surefire-plugin/xsd/surefire-test-report.xsd" name="org.example.ActionsTest" time="0.092" tests="1" errors="1" skipped="0" failures="0">
  <properties>
[...]
</properties>
  <testcase name="initializationError" classname="org.example.ActionsTest" time="0.009">
    <error message="Invalid test class &apos;org.example.ActionsTest&apos;:&#10;  1. Method getTaskList() should be static" type="org.junit.runners.model.InvalidTestClassError">org.junit.runners.model.InvalidTestClassError: 
Invalid test class 'org.example.ActionsTest':
  1. Method getTaskList() should be static
</error>
  </testcase>
</testsuite>